0 info it worked if it ends with ok
1 verbose cli [ 'C:\\Program Files\\nodejs\\node.exe',
1 verbose cli   'C:\\Users\\Iftikhar uddin\\AppData\\Roaming\\npm\\node_modules\\npm\\bin\\npm-cli.js',
1 verbose cli   'rebuild',
1 verbose cli   'node-sass' ]
2 info using npm@3.10.2
3 info using node@v4.4.6
4 info readInstalled object
5 verbose rebuild path, id [ 'D:\\xampp\\htdocs\\codehacking\\node_modules\\node-sass',
5 verbose rebuild   'node-sass@3.8.0' ]
6 silly rebuild set [ 'D:\\xampp\\htdocs\\codehacking\\node_modules\\node-sass' ]
7 info build D:\xampp\htdocs\codehacking\node_modules\node-sass
8 info lifecycle node-sass@3.8.0~preinstall: node-sass@3.8.0
9 silly lifecycle node-sass@3.8.0~preinstall: no script for preinstall, continuing
10 info linkStuff node-sass@3.8.0
11 silly linkStuff node-sass@3.8.0 has D:\xampp\htdocs\codehacking\node_modules as its parent node_modules
12 verbose linkBins node-sass@3.8.0
13 verbose link bins [ { 'node-sass': 'bin/node-sass' },
13 verbose link bins   'D:\\xampp\\htdocs\\codehacking\\node_modules\\.bin',
13 verbose link bins   false ]
14 verbose linkMans node-sass@3.8.0
15 verbose rebuildBundles node-sass@3.8.0
16 verbose rebuildBundles [ 'gaze',
16 verbose rebuildBundles   'glob',
16 verbose rebuildBundles   'globule',
16 verbose rebuildBundles   'lodash',
16 verbose rebuildBundles   'lodash._baseclone',
16 verbose rebuildBundles   'lodash.clonedeep' ]
17 verbose rebuild bundle D:\xampp\htdocs\codehacking\node_modules\node-sass\node_modules\globule
18 info build D:\xampp\htdocs\codehacking\node_modules\node-sass\node_modules\globule
19 info lifecycle globule@1.0.0~preinstall: globule@1.0.0
20 silly lifecycle globule@1.0.0~preinstall: no script for preinstall, continuing
21 info linkStuff globule@1.0.0
22 silly linkStuff globule@1.0.0 has D:\xampp\htdocs\codehacking\node_modules\node-sass\node_modules as its parent node_modules
23 verbose linkBins globule@1.0.0
24 verbose linkMans globule@1.0.0
25 verbose rebuildBundles globule@1.0.0
26 info lifecycle globule@1.0.0~install: globule@1.0.0
27 silly lifecycle globule@1.0.0~install: no script for install, continuing
28 info lifecycle globule@1.0.0~postinstall: globule@1.0.0
29 silly lifecycle globule@1.0.0~postinstall: no script for postinstall, continuing
30 verbose rebuild bundle D:\xampp\htdocs\codehacking\node_modules\node-sass\node_modules\lodash
31 info build D:\xampp\htdocs\codehacking\node_modules\node-sass\node_modules\lodash
32 info lifecycle lodash@4.9.0~preinstall: lodash@4.9.0
33 silly lifecycle lodash@4.9.0~preinstall: no script for preinstall, continuing
34 info linkStuff lodash@4.9.0
35 silly linkStuff lodash@4.9.0 has D:\xampp\htdocs\codehacking\node_modules\node-sass\node_modules as its parent node_modules
36 verbose linkBins lodash@4.9.0
37 verbose linkMans lodash@4.9.0
38 verbose rebuildBundles lodash@4.9.0
39 info lifecycle lodash@4.9.0~install: lodash@4.9.0
40 silly lifecycle lodash@4.9.0~install: no script for install, continuing
41 info lifecycle lodash@4.9.0~postinstall: lodash@4.9.0
42 silly lifecycle lodash@4.9.0~postinstall: no script for postinstall, continuing
43 verbose rebuild bundle D:\xampp\htdocs\codehacking\node_modules\node-sass\node_modules\lodash._baseclone
44 info build D:\xampp\htdocs\codehacking\node_modules\node-sass\node_modules\lodash._baseclone
45 info lifecycle lodash._baseclone@4.5.7~preinstall: lodash._baseclone@4.5.7
46 silly lifecycle lodash._baseclone@4.5.7~preinstall: no script for preinstall, continuing
47 info linkStuff lodash._baseclone@4.5.7
48 silly linkStuff lodash._baseclone@4.5.7 has D:\xampp\htdocs\codehacking\node_modules\node-sass\node_modules as its parent node_modules
49 verbose linkBins lodash._baseclone@4.5.7
50 verbose linkMans lodash._baseclone@4.5.7
51 verbose rebuildBundles lodash._baseclone@4.5.7
52 info lifecycle lodash._baseclone@4.5.7~install: lodash._baseclone@4.5.7
53 silly lifecycle lodash._baseclone@4.5.7~install: no script for install, continuing
54 info lifecycle lodash._baseclone@4.5.7~postinstall: lodash._baseclone@4.5.7
55 silly lifecycle lodash._baseclone@4.5.7~postinstall: no script for postinstall, continuing
56 info lifecycle node-sass@3.8.0~install: node-sass@3.8.0
57 verbose lifecycle node-sass@3.8.0~install: unsafe-perm in lifecycle true
58 verbose lifecycle node-sass@3.8.0~install: PATH: C:\Users\Iftikhar uddin\AppData\Roaming\npm\node_modules\npm\bin\node-gyp-bin;D:\xampp\htdocs\codehacking\node_modules\node-sass\node_modules\.bin;D:\xampp\htdocs\codehacking\node_modules\.bin;C:\Program Files\nodejs;C:\WINDOWS\system32;C:\WINDOWS;C:\WINDOWS\System32\Wbem;C:\WINDOWS\System32\WindowsPowerShell\v1.0\;C:\Program Files\Intel\WiFi\bin\;C:\Program Files\Common Files\Intel\WirelessCommon\;C:\Program Files (x86)\Microsoft SQL Server\100\Tools\Binn\;C:\Program Files\Microsoft SQL Server\100\Tools\Binn\;C:\Program Files\Microsoft SQL Server\100\DTS\Binn\;C:\Program Files (x86)\Brackets\command;C:\Program Files\nodejs\;D:\xampp\php;C:\ProgramData\ComposerSetup\bin;C:\Program Files\Git\cmd;C:\Program Files\MongoDB\Server\3.2\bin;C:\Users\Iftikhar uddin\AppData\Roaming\npm
59 verbose lifecycle node-sass@3.8.0~install: CWD: D:\xampp\htdocs\codehacking\node_modules\node-sass
60 silly lifecycle node-sass@3.8.0~install: Args: [ '/d /s /c', 'node scripts/install.js' ]
61 silly lifecycle node-sass@3.8.0~install: Returned: code: 1  signal: null
62 info lifecycle node-sass@3.8.0~install: Failed to exec install script
63 verbose stack Error: node-sass@3.8.0 install: `node scripts/install.js`
63 verbose stack Exit status 1
63 verbose stack     at EventEmitter.<anonymous> (C:\Users\Iftikhar uddin\AppData\Roaming\npm\node_modules\npm\lib\utils\lifecycle.js:242:16)
63 verbose stack     at emitTwo (events.js:87:13)
63 verbose stack     at EventEmitter.emit (events.js:172:7)
63 verbose stack     at ChildProcess.<anonymous> (C:\Users\Iftikhar uddin\AppData\Roaming\npm\node_modules\npm\lib\utils\spawn.js:40:14)
63 verbose stack     at emitTwo (events.js:87:13)
63 verbose stack     at ChildProcess.emit (events.js:172:7)
63 verbose stack     at maybeClose (internal/child_process.js:827:16)
63 verbose stack     at Process.ChildProcess._handle.onexit (internal/child_process.js:211:5)
64 verbose pkgid node-sass@3.8.0
65 verbose cwd D:\xampp\htdocs\codehacking
66 error Windows_NT 10.0.10586
67 error argv "C:\\Program Files\\nodejs\\node.exe" "C:\\Users\\Iftikhar uddin\\AppData\\Roaming\\npm\\node_modules\\npm\\bin\\npm-cli.js" "rebuild" "node-sass"
68 error node v4.4.6
69 error npm  v3.10.2
70 error code ELIFECYCLE
71 error node-sass@3.8.0 install: `node scripts/install.js`
71 error Exit status 1
72 error Failed at the node-sass@3.8.0 install script 'node scripts/install.js'.
72 error Make sure you have the latest version of node.js and npm installed.
72 error If you do, this is most likely a problem with the node-sass package,
72 error not with npm itself.
72 error Tell the author that this fails on your system:
72 error     node scripts/install.js
72 error You can get information on how to open an issue for this project with:
72 error     npm bugs node-sass
72 error Or if that isn't available, you can get their info via:
72 error     npm owner ls node-sass
72 error There is likely additional logging output above.
73 verbose exit [ 1, true ]
